<?xml version="1.0" encoding="UTF-8"?>
<!-- Generated by org.testng.reporters.JUnitReportReporter -->
<testsuite hostname="Bidyashrees-MacBook-Pro.local" failures="0" tests="1" name="test.HomePageTests" time="15.638" errors="0" timestamp="2022-11-20T20:51:04 IST" skipped="0">
  <testcase classname="test.HomePageTests" name="validateHomePageMenuBar" time="15.638"/>
</testsuite> <!-- test.HomePageTests -->
