<?xml version="1.0" encoding="UTF-8"?>
<!-- Generated by org.testng.reporters.JUnitReportReporter -->
<testsuite hostname="Bidyashrees-MacBook-Pro.local" failures="0" tests="1" name="test.SupportScenarioTests" time="20.001" errors="0" timestamp="2022-11-20T21:47:32 IST" skipped="0">
  <testcase classname="test.SupportScenarioTests" name="validateYesAndNoButtonExistOnHelpChargingPage" time="20.001"/>
</testsuite> <!-- test.SupportScenarioTests -->
